<?xml version="1.0" encoding="UTF-8"?>
<testng-results ignored="0" total="1" passed="0" failed="1" skipped="0">
  <reporter-output>
  </reporter-output>
  <suite started-at="2025-03-04T06:14:19 IST" name="Default suite" finished-at="2025-03-04T06:14:36 IST" duration-ms="17355">
    <groups>
    </groups>
    <test started-at="2025-03-04T06:14:19 IST" name="Default test" finished-at="2025-03-04T06:14:36 IST" duration-ms="17355">
      <class name="org.sample.TestOne">
        <test-method is-config="true" signature="tco2()[pri:0, instance:org.sample.TestOne@752325ad]" started-at="2025-03-04T06:14:19 IST" name="tco2" finished-at="2025-03-04T06:14:29 IST" duration-ms="9744" status="PASS">
          <reporter-output>
          </reporter-output>
        </test-method> <!-- tco2 -->
        <test-method is-config="true" signature="tco3()[pri:0, instance:org.sample.TestOne@752325ad]" started-at="2025-03-04T06:14:29 IST" name="tco3" finished-at="2025-03-04T06:14:34 IST" duration-ms="5469" status="PASS">
          <reporter-output>
          </reporter-output>
        </test-method> <!-- tco3 -->
        <test-method signature="tc01()[pri:0, instance:org.sample.TestOne@752325ad]" started-at="2025-03-04T06:14:34 IST" name="tc01" finished-at="2025-03-04T06:14:34 IST" duration-ms="140" status="FAIL">
          <exception class="java.lang.NullPointerException">
            <message>
              <![CDATA[Cannot invoke "org.openqa.selenium.WebElement.sendKeys(java.lang.CharSequence[])" because "org.sample.BaseClass.element" is null]]>
            </message>
            <full-stacktrace>
              <![CDATA[java.lang.NullPointerException: Cannot invoke "org.openqa.selenium.WebElement.sendKeys(java.lang.CharSequence[])" because "org.sample.BaseClass.element" is null
at org.sample.BaseClass.sendkeys(BaseClass.java:79)
at org.sample.TestOne.tc01(TestOne.java:16)
at java.base/jdk.internal.reflect.DirectMethodHandleAccessor.invoke(DirectMethodHandleAccessor.java:103)
at java.base/java.lang.reflect.Method.invoke(Method.java:580)
at org.testng.internal.invokers.MethodInvocationHelper.invokeMethod(MethodInvocationHelper.java:141)
at org.testng.internal.invokers.TestInvoker.invokeMethod(TestInvoker.java:687)
at org.testng.internal.invokers.TestInvoker.invokeTestMethod(TestInvoker.java:230)
at org.testng.internal.invokers.MethodRunner.runInSequence(MethodRunner.java:63)
at org.testng.internal.invokers.TestInvoker$MethodInvocationAgent.invoke(TestInvoker.java:995)
at org.testng.internal.invokers.TestInvoker.invokeTestMethods(TestInvoker.java:203)
at org.testng.internal.invokers.TestMethodWorker.invokeTestMethods(TestMethodWorker.java:154)
at org.testng.internal.invokers.TestMethodWorker.run(TestMethodWorker.java:134)
at java.base/java.util.ArrayList.forEach(ArrayList.java:1596)
at org.testng.TestRunner.privateRun(TestRunner.java:741)
at org.testng.TestRunner.run(TestRunner.java:616)
at org.testng.SuiteRunner.runTest(SuiteRunner.java:421)
at org.testng.SuiteRunner.runSequentially(SuiteRunner.java:413)
at org.testng.SuiteRunner.privateRun(SuiteRunner.java:373)
at org.testng.SuiteRunner.run(SuiteRunner.java:312)
at org.testng.SuiteRunnerWorker.runSuite(SuiteRunnerWorker.java:52)
at org.testng.SuiteRunnerWorker.run(SuiteRunnerWorker.java:95)
at org.testng.TestNG.runSuitesSequentially(TestNG.java:1274)
at org.testng.TestNG.runSuitesLocally(TestNG.java:1208)
at org.testng.TestNG.runSuites(TestNG.java:1112)
at org.testng.TestNG.run(TestNG.java:1079)
at org.testng.remote.AbstractRemoteTestNG.run(AbstractRemoteTestNG.java:115)
at org.testng.remote.RemoteTestNG.initAndRun(RemoteTestNG.java:293)
at org.testng.remote.RemoteTestNG.main(RemoteTestNG.java:91)
]]>
            </full-stacktrace>
          </exception> <!-- java.lang.NullPointerException -->
          <reporter-output>
          </reporter-output>
        </test-method> <!-- tc01 -->
        <test-method is-config="true" signature="tc04()[pri:0, instance:org.sample.TestOne@752325ad]" started-at="2025-03-04T06:14:34 IST" name="tc04" finished-at="2025-03-04T06:14:35 IST" duration-ms="737" status="PASS">
          <reporter-output>
          </reporter-output>
        </test-method> <!-- tc04 -->
        <test-method is-config="true" signature="tc05()[pri:0, instance:org.sample.TestOne@752325ad]" started-at="2025-03-04T06:14:35 IST" name="tc05" finished-at="2025-03-04T06:14:36 IST" duration-ms="1082" status="PASS">
          <reporter-output>
          </reporter-output>
        </test-method> <!-- tc05 -->
      </class> <!-- org.sample.TestOne -->
    </test> <!-- Default test -->
  </suite> <!-- Default suite -->
</testng-results>
